2024-01-08 17:57:58,939 - bot:logger - INFO - before move fen : rnbqkbnr/pppppppp/8/8/8/8/PPPPPPPP/RNBQKBNR w KQkq - 0 1
2024-01-08 17:57:58,939 - bot:logger - INFO - found move : g1f3
2024-01-08 17:57:59,726 - bot:logger - INFO - before move fen : rnbqkbnr/pppppppp/8/8/8/5N2/PPPPPPPP/RNBQKB1R b KQkq - 1 1
2024-01-08 17:57:59,727 - bot:logger - INFO - found move : e7e6
2024-01-08 17:58:00,388 - bot:logger - INFO - before move fen : rnbqkbnr/pppppppp/8/8/8/5N2/PPPPPPPP/RNBQKB1R b KQkq - 1 1
2024-01-08 17:58:00,389 - bot:logger - INFO - found move : g8f6
2024-01-08 17:58:00,906 - bot:logger - INFO - before move fen : rnbqkb1r/pppppppp/5n2/8/8/5N2/PPPPPPPP/RNBQKB1R w KQkq - 2 2
2024-01-08 17:58:00,908 - bot:logger - INFO - found move : c2c4
2024-01-08 17:58:01,407 - bot:logger - INFO - before move fen : rnbqkb1r/pppppppp/5n2/8/8/5N2/PPPPPPPP/RNBQKB1R w KQkq - 2 2
2024-01-08 17:58:01,409 - bot:logger - INFO - found move : d2d4
2024-01-08 17:58:02,151 - bot:logger - INFO - before move fen : rnbqkb1r/pppppppp/5n2/8/3P4/5N2/PPP1PPPP/RNBQKB1R b KQkq d3 0 3
2024-01-08 17:58:02,151 - bot:logger - INFO - found move : g7g6
2024-01-08 17:58:02,878 - bot:logger - INFO - before move fen : rnbqkb1r/pppppppp/5n2/8/3P4/5N2/PPP1PPPP/RNBQKB1R b KQkq d3 0 3
2024-01-08 17:58:02,880 - bot:logger - INFO - found move : c7c6
2024-01-08 17:58:03,675 - bot:logger - INFO - before move fen : rnbqkb1r/pp1ppppp/2p2n2/8/3P4/5N2/PPP1PPPP/RNBQKB1R w KQkq - 0 4
2024-01-08 17:58:03,676 - bot:logger - INFO - found move : h2h3
2024-01-08 17:58:04,472 - bot:logger - INFO - before move fen : rnbqkb1r/pp1ppppp/2p2n2/8/3P4/5N2/PPP1PPPP/RNBQKB1R w KQkq - 0 4
2024-01-08 17:58:04,474 - bot:logger - INFO - found move : c2c4
2024-01-08 17:58:05,175 - bot:logger - INFO - before move fen : rnbqkb1r/pp1ppppp/2p2n2/8/2PP4/5N2/PP2PPPP/RNBQKB1R b KQkq c3 0 5
2024-01-08 17:58:05,175 - bot:logger - INFO - found move : d7d5
2024-01-08 17:58:05,852 - bot:logger - INFO - before move fen : rnbqkb1r/pp1ppppp/2p2n2/8/2PP4/5N2/PP2PPPP/RNBQKB1R b KQkq c3 0 5
2024-01-08 17:58:05,854 - bot:logger - INFO - found move : e7e6
2024-01-08 17:58:06,632 - bot:logger - INFO - before move fen : rnbqkb1r/pp1p1ppp/2p1pn2/8/2PP4/5N2/PP2PPPP/RNBQKB1R w KQkq - 0 6
2024-01-08 17:58:06,633 - bot:logger - INFO - found move : c1g5
2024-01-08 17:58:07,404 - bot:logger - INFO - before move fen : rnbqkb1r/pp1p1ppp/2p1pn2/8/2PP4/5N2/PP2PPPP/RNBQKB1R w KQkq - 0 6
2024-01-08 17:58:07,404 - bot:logger - INFO - found move : c1f4
2024-01-08 17:58:08,229 - bot:logger - INFO - before move fen : rnbqkb1r/pp1p1ppp/2p1pn2/8/2PP1B2/5N2/PP2PPPP/RN1QKB1R b KQkq - 1 7
2024-01-08 17:58:08,231 - bot:logger - INFO - found move : d7d5
2024-01-08 17:58:09,039 - bot:logger - INFO - before move fen : rnbqkb1r/pp1p1ppp/2p1pn2/8/2PP1B2/5N2/PP2PPPP/RN1QKB1R b KQkq - 1 7
2024-01-08 17:58:09,041 - bot:logger - INFO - found move : d7d5
2024-01-08 17:58:09,900 - bot:logger - INFO - before move fen : rnbqkb1r/pp3ppp/2p1pn2/3p4/2PP1B2/5N2/PP2PPPP/RN1QKB1R w KQkq d6 0 8
2024-01-08 17:58:09,901 - bot:logger - INFO - found move : e2e3
2024-01-08 17:58:10,753 - bot:logger - INFO - before move fen : rnbqkb1r/pp3ppp/2p1pn2/3p4/2PP1B2/5N2/PP2PPPP/RN1QKB1R w KQkq d6 0 8
2024-01-08 17:58:10,755 - bot:logger - INFO - found move : c4d5
2024-01-08 17:58:11,387 - bot:logger - INFO - before move fen : rnbqkb1r/pp3ppp/2p1pn2/3P4/3P1B2/5N2/PP2PPPP/RN1QKB1R b KQkq - 0 9
2024-01-08 17:58:11,388 - bot:logger - INFO - found move : e6d5
2024-01-08 17:58:12,048 - bot:logger - INFO - before move fen : rnbqkb1r/pp3ppp/2p1pn2/3P4/3P1B2/5N2/PP2PPPP/RN1QKB1R b KQkq - 0 9
2024-01-08 17:58:12,049 - bot:logger - INFO - found move : c6d5
2024-01-08 17:58:12,622 - bot:logger - INFO - before move fen : rnbqkb1r/pp3ppp/4pn2/3p4/3P1B2/5N2/PP2PPPP/RN1QKB1R w KQkq - 0 10
2024-01-08 17:58:12,624 - bot:logger - INFO - found move : d1c2
2024-01-08 17:58:13,209 - bot:logger - INFO - before move fen : rnbqkb1r/pp3ppp/4pn2/3p4/3P1B2/5N2/PP2PPPP/RN1QKB1R w KQkq - 0 10
2024-01-08 17:58:13,211 - bot:logger - INFO - found move : d1c2
2024-01-08 17:58:13,955 - bot:logger - INFO - before move fen : rnbqkb1r/pp3ppp/4pn2/3p4/3P1B2/5N2/PPQ1PPPP/RN2KB1R b KQkq - 1 11
2024-01-08 17:58:13,956 - bot:logger - INFO - found move : b8c6
2024-01-08 17:58:14,682 - bot:logger - INFO - before move fen : rnbqkb1r/pp3ppp/4pn2/3p4/3P1B2/5N2/PPQ1PPPP/RN2KB1R b KQkq - 1 11
2024-01-08 17:58:14,683 - bot:logger - INFO - found move : f8b4
2024-01-08 17:58:15,907 - bot:logger - INFO - before move fen : rnbqk2r/pp3ppp/4pn2/3p4/1b1P1B2/5N2/PPQ1PPPP/RN2KB1R w KQkq - 2 12
2024-01-08 17:58:15,908 - bot:logger - INFO - found move : f3d2
